<?xml version="1.0" encoding="utf-8" standalone="yes"?>
<coverage line-rate="0.9375" branch-rate="1" complexity="2" version="1.9" timestamp="1710166080" lines-covered="15" lines-valid="16">
  <packages>
    <package line-rate="0.9375" branch-rate="1" complexity="2" name="UnitTest1">
      <classes>
        <class line-rate="1" branch-rate="1" complexity="1" name="UnitTest1.UnitTest1" filename="E:\GitHub Responsbility\-\3122004621\homework1\UnitTest1\UnitTest1.cpp">
          <methods>
            <method line-rate="1" branch-rate="1" complexity="1" name="TestMethod1" signature="">
              <lines>
                <line number="14" hits="1" branch="False" />
                <line number="15" hits="1" branch="False" />
                <line number="16" hits="1" branch="False" />
                <line number="17" hits="1" branch="False" />
                <line number="18" hits="1" branch="False" />
              </lines>
            </method>
          </methods>
          <lines>
            <line number="14" hits="1" branch="False" />
            <line number="15" hits="1" branch="False" />
            <line number="16" hits="1" branch="False" />
            <line number="17" hits="1" branch="False" />
            <line number="18" hits="1" branch="False" />
          </lines>
        </class>
        <class line-rate="0.90909090909090906" branch-rate="1" complexity="1" name="Calculate" filename="E:\GitHub Responsbility\-\3122004621\homework1\UnitTest1\test.h">
          <methods>
            <method line-rate="0.90909090909090906" branch-rate="1" complexity="1" name="CalculateSimilarity" signature="">
              <lines>
                <line number="12" hits="1" branch="False" />
                <line number="13" hits="1" branch="False" />
                <line number="14" hits="1" branch="False" />
                <line number="15" hits="1" branch="False" />
                <line number="17" hits="1" branch="False" />
                <line number="19" hits="1" branch="False" />
                <line number="20" hits="1" branch="False" />
                <line number="21" hits="0" branch="False" />
                <line number="23" hits="1" branch="False" />
                <line number="24" hits="1" branch="False" />
                <line number="25" hits="1" branch="False" />
              </lines>
            </method>
          </methods>
          <lines>
            <line number="12" hits="1" branch="False" />
            <line number="13" hits="1" branch="False" />
            <line number="14" hits="1" branch="False" />
            <line number="15" hits="1" branch="False" />
            <line number="17" hits="1" branch="False" />
            <line number="19" hits="1" branch="False" />
            <line number="20" hits="1" branch="False" />
            <line number="21" hits="0" branch="False" />
            <line number="23" hits="1" branch="False" />
            <line number="24" hits="1" branch="False" />
            <line number="25" hits="1" branch="False" />
          </lines>
        </class>
      </classes>
    </package>
  </packages>
</coverage>